1780439128.238647 client started (19554): version 3.2a, socket /tmp/tmux-1000/default, protocol 8
1780439128.238697 on Linux 5.15.0-56-generic #62-Ubuntu SMP Tue Nov 22 19:54:14 UTC 2022
1780439128.238711 using libevent 2.1.12-stable (poll); ncurses 6.3
1780439128.238734 flags are 0x18010000
1780439128.238744 socket is /tmp/tmux-1000/default
1780439128.238762 trying connect
1780439128.238876 add peer 0x55a0a620e0b0: 6 ((nil))
1780439128.239400 sending message 100 to peer 0x55a0a620e0b0 (4 bytes)
1780439128.239416 sending message 111 to peer 0x55a0a620e0b0 (8 bytes)
1780439128.239424 sending message 101 to peer 0x55a0a620e0b0 (15 bytes)
1780439128.239431 sending message 109 to peer 0x55a0a620e0b0 (4 bytes)
1780439128.239438 sending message 102 to peer 0x55a0a620e0b0 (11 bytes)
1780439128.239444 sending message 108 to peer 0x55a0a620e0b0 (22 bytes)
1780439128.239451 sending message 112 to peer 0x55a0a620e0b0 (58 bytes)
1780439128.239459 sending message 112 to peer 0x55a0a620e0b0 (5 bytes)
1780439128.239465 sending message 112 to peer 0x55a0a620e0b0 (5 bytes)
1780439128.239472 sending message 112 to peer 0x55a0a620e0b0 (6 bytes)
1780439128.239478 sending message 112 to peer 0x55a0a620e0b0 (6 bytes)
1780439128.239485 sending message 112 to peer 0x55a0a620e0b0 (11 bytes)
1780439128.239491 sending message 112 to peer 0x55a0a620e0b0 (10 bytes)
1780439128.239498 sending message 112 to peer 0x55a0a620e0b0 (13 bytes)
1780439128.239505 sending message 112 to peer 0x55a0a620e0b0 (14 bytes)
1780439128.239511 sending message 112 to peer 0x55a0a620e0b0 (19 bytes)
1780439128.239517 sending message 112 to peer 0x55a0a620e0b0 (11 bytes)
1780439128.239524 sending message 112 to peer 0x55a0a620e0b0 (10 bytes)
1780439128.239530 sending message 112 to peer 0x55a0a620e0b0 (15 bytes)
1780439128.239537 sending message 112 to peer 0x55a0a620e0b0 (21 bytes)
1780439128.239543 sending message 112 to peer 0x55a0a620e0b0 (13 bytes)
1780439128.239550 sending message 112 to peer 0x55a0a620e0b0 (7 bytes)
1780439128.239557 sending message 112 to peer 0x55a0a620e0b0 (13 bytes)
1780439128.239563 sending message 112 to peer 0x55a0a620e0b0 (7 bytes)
1780439128.239569 sending message 112 to peer 0x55a0a620e0b0 (13 bytes)
1780439128.239576 sending message 112 to peer 0x55a0a620e0b0 (9 bytes)
1780439128.239583 sending message 112 to peer 0x55a0a620e0b0 (21 bytes)
1780439128.239590 sending message 112 to peer 0x55a0a620e0b0 (13 bytes)
1780439128.239596 sending message 112 to peer 0x55a0a620e0b0 (9 bytes)
1780439128.239603 sending message 112 to peer 0x55a0a620e0b0 (16 bytes)
1780439128.239609 sending message 112 to peer 0x55a0a620e0b0 (13 bytes)
1780439128.239615 sending message 112 to peer 0x55a0a620e0b0 (9 bytes)
1780439128.239622 sending message 112 to peer 0x55a0a620e0b0 (9 bytes)
1780439128.239628 sending message 112 to peer 0x55a0a620e0b0 (12 bytes)
1780439128.239634 sending message 112 to peer 0x55a0a620e0b0 (8 bytes)
1780439128.239641 sending message 112 to peer 0x55a0a620e0b0 (8 bytes)
1780439128.239647 sending message 112 to peer 0x55a0a620e0b0 (13 bytes)
1780439128.239654 sending message 112 to peer 0x55a0a620e0b0 (7 bytes)
1780439128.239660 sending message 112 to peer 0x55a0a620e0b0 (7 bytes)
1780439128.239666 sending message 112 to peer 0x55a0a620e0b0 (9 bytes)
1780439128.239673 sending message 112 to peer 0x55a0a620e0b0 (9 bytes)
1780439128.239679 sending message 112 to peer 0x55a0a620e0b0 (15 bytes)
1780439128.239685 sending message 112 to peer 0x55a0a620e0b0 (13 bytes)
1780439128.239692 sending message 112 to peer 0x55a0a620e0b0 (12 bytes)
1780439128.239698 sending message 112 to peer 0x55a0a620e0b0 (8 bytes)
1780439128.239705 sending message 112 to peer 0x55a0a620e0b0 (14 bytes)
1780439128.239711 sending message 112 to peer 0x55a0a620e0b0 (11 bytes)
1780439128.239717 sending message 112 to peer 0x55a0a620e0b0 (9 bytes)
1780439128.239724 sending message 112 to peer 0x55a0a620e0b0 (10 bytes)
1780439128.239730 sending message 112 to peer 0x55a0a620e0b0 (10 bytes)
1780439128.239737 sending message 112 to peer 0x55a0a620e0b0 (10 bytes)
1780439128.239744 sending message 112 to peer 0x55a0a620e0b0 (10 bytes)
1780439128.239763 sending message 112 to peer 0x55a0a620e0b0 (11 bytes)
1780439128.239770 sending message 112 to peer 0x55a0a620e0b0 (12 bytes)
1780439128.239776 sending message 112 to peer 0x55a0a620e0b0 (12 bytes)
1780439128.239783 sending message 112 to peer 0x55a0a620e0b0 (12 bytes)
1780439128.239789 sending message 112 to peer 0x55a0a620e0b0 (12 bytes)
1780439128.239795 sending message 112 to peer 0x55a0a620e0b0 (12 bytes)
1780439128.239802 sending message 112 to peer 0x55a0a620e0b0 (11 bytes)
1780439128.239808 sending message 112 to peer 0x55a0a620e0b0 (11 bytes)
1780439128.239815 sending message 112 to peer 0x55a0a620e0b0 (12 bytes)
1780439128.239821 sending message 112 to peer 0x55a0a620e0b0 (12 bytes)
1780439128.239828 sending message 112 to peer 0x55a0a620e0b0 (12 bytes)
1780439128.239834 sending message 112 to peer 0x55a0a620e0b0 (12 bytes)
1780439128.239840 sending message 112 to peer 0x55a0a620e0b0 (12 bytes)
1780439128.239847 sending message 112 to peer 0x55a0a620e0b0 (9 bytes)
1780439128.239853 sending message 112 to peer 0x55a0a620e0b0 (12 bytes)
1780439128.239860 sending message 112 to peer 0x55a0a620e0b0 (13 bytes)
1780439128.239866 sending message 112 to peer 0x55a0a620e0b0 (13 bytes)
1780439128.239873 sending message 112 to peer 0x55a0a620e0b0 (13 bytes)
1780439128.239879 sending message 112 to peer 0x55a0a620e0b0 (13 bytes)
1780439128.239885 sending message 112 to peer 0x55a0a620e0b0 (13 bytes)
1780439128.239892 sending message 112 to peer 0x55a0a620e0b0 (8 bytes)
1780439128.239898 sending message 112 to peer 0x55a0a620e0b0 (11 bytes)
1780439128.239904 sending message 112 to peer 0x55a0a620e0b0 (11 bytes)
1780439128.239911 sending message 112 to peer 0x55a0a620e0b0 (11 bytes)
1780439128.239917 sending message 112 to peer 0x55a0a620e0b0 (12 bytes)
1780439128.239924 sending message 112 to peer 0x55a0a620e0b0 (12 bytes)
1780439128.239930 sending message 112 to peer 0x55a0a620e0b0 (12 bytes)
1780439128.239936 sending message 112 to peer 0x55a0a620e0b0 (12 bytes)
1780439128.239943 sending message 112 to peer 0x55a0a620e0b0 (13 bytes)
1780439128.239949 sending message 112 to peer 0x55a0a620e0b0 (13 bytes)
1780439128.239955 sending message 112 to peer 0x55a0a620e0b0 (13 bytes)
1780439128.239962 sending message 112 to peer 0x55a0a620e0b0 (8 bytes)
1780439128.239969 sending message 112 to peer 0x55a0a620e0b0 (13 bytes)
1780439128.239975 sending message 112 to peer 0x55a0a620e0b0 (13 bytes)
1780439128.239982 sending message 112 to peer 0x55a0a620e0b0 (13 bytes)
1780439128.239988 sending message 112 to peer 0x55a0a620e0b0 (13 bytes)
1780439128.239994 sending message 112 to peer 0x55a0a620e0b0 (13 bytes)
1780439128.240000 sending message 112 to peer 0x55a0a620e0b0 (12 bytes)
1780439128.240007 sending message 112 to peer 0x55a0a620e0b0 (12 bytes)
1780439128.240013 sending message 112 to peer 0x55a0a620e0b0 (12 bytes)
1780439128.240020 sending message 112 to peer 0x55a0a620e0b0 (12 bytes)
1780439128.240026 sending message 112 to peer 0x55a0a620e0b0 (13 bytes)
1780439128.240033 sending message 112 to peer 0x55a0a620e0b0 (8 bytes)
1780439128.240039 sending message 112 to peer 0x55a0a620e0b0 (13 bytes)
1780439128.240045 sending message 112 to peer 0x55a0a620e0b0 (13 bytes)
1780439128.240051 sending message 112 to peer 0x55a0a620e0b0 (13 bytes)
1780439128.240058 sending message 112 to peer 0x55a0a620e0b0 (13 bytes)
1780439128.240064 sending message 112 to peer 0x55a0a620e0b0 (13 bytes)
1780439128.240071 sending message 112 to peer 0x55a0a620e0b0 (13 bytes)
1780439128.240077 sending message 112 to peer 0x55a0a620e0b0 (13 bytes)
1780439128.240084 sending message 112 to peer 0x55a0a620e0b0 (12 bytes)
1780439128.240090 sending message 112 to peer 0x55a0a620e0b0 (12 bytes)
1780439128.240096 sending message 112 to peer 0x55a0a620e0b0 (12 bytes)
1780439128.240103 sending message 112 to peer 0x55a0a620e0b0 (8 bytes)
1780439128.240109 sending message 112 to peer 0x55a0a620e0b0 (12 bytes)
1780439128.240116 sending message 112 to peer 0x55a0a620e0b0 (13 bytes)
1780439128.240123 sending message 112 to peer 0x55a0a620e0b0 (13 bytes)
1780439128.240136 sending message 112 to peer 0x55a0a620e0b0 (13 bytes)
1780439128.240143 sending message 112 to peer 0x55a0a620e0b0 (13 bytes)
1780439128.240150 sending message 112 to peer 0x55a0a620e0b0 (13 bytes)
1780439128.240156 sending message 112 to peer 0x55a0a620e0b0 (13 bytes)
1780439128.240162 sending message 112 to peer 0x55a0a620e0b0 (13 bytes)
1780439128.240168 sending message 112 to peer 0x55a0a620e0b0 (13 bytes)
1780439128.240175 sending message 112 to peer 0x55a0a620e0b0 (12 bytes)
1780439128.240182 sending message 112 to peer 0x55a0a620e0b0 (10 bytes)
1780439128.240188 sending message 112 to peer 0x55a0a620e0b0 (12 bytes)
1780439128.240195 sending message 112 to peer 0x55a0a620e0b0 (12 bytes)
1780439128.240201 sending message 112 to peer 0x55a0a620e0b0 (12 bytes)
1780439128.240207 sending message 112 to peer 0x55a0a620e0b0 (13 bytes)
1780439128.240213 sending message 112 to peer 0x55a0a620e0b0 (13 bytes)
1780439128.240220 sending message 112 to peer 0x55a0a620e0b0 (13 bytes)
1780439128.240227 sending message 112 to peer 0x55a0a620e0b0 (13 bytes)
1780439128.240233 sending message 112 to peer 0x55a0a620e0b0 (13 bytes)
1780439128.240240 sending message 112 to peer 0x55a0a620e0b0 (13 bytes)
1780439128.240246 sending message 112 to peer 0x55a0a620e0b0 (13 bytes)
1780439128.240252 sending message 112 to peer 0x55a0a620e0b0 (10 bytes)
1780439128.240259 sending message 112 to peer 0x55a0a620e0b0 (13 bytes)
1780439128.240265 sending message 112 to peer 0x55a0a620e0b0 (12 bytes)
1780439128.240271 sending message 112 to peer 0x55a0a620e0b0 (12 bytes)
1780439128.240278 sending message 112 to peer 0x55a0a620e0b0 (12 bytes)
1780439128.240285 sending message 112 to peer 0x55a0a620e0b0 (10 bytes)
1780439128.240291 sending message 112 to peer 0x55a0a620e0b0 (10 bytes)
1780439128.240298 sending message 112 to peer 0x55a0a620e0b0 (10 bytes)
1780439128.240304 sending message 112 to peer 0x55a0a620e0b0 (12 bytes)
1780439128.240310 sending message 112 to peer 0x55a0a620e0b0 (13 bytes)
1780439128.240345 sending message 112 to peer 0x55a0a620e0b0 (13 bytes)
1780439128.240357 sending message 112 to peer 0x55a0a620e0b0 (13 bytes)
1780439128.240371 sending message 112 to peer 0x55a0a620e0b0 (13 bytes)
1780439128.240382 sending message 112 to peer 0x55a0a620e0b0 (13 bytes)
1780439128.240392 sending message 112 to peer 0x55a0a620e0b0 (10 bytes)
1780439128.240402 sending message 112 to peer 0x55a0a620e0b0 (11 bytes)
1780439128.240409 sending message 112 to peer 0x55a0a620e0b0 (12 bytes)
1780439128.240415 sending message 112 to peer 0x55a0a620e0b0 (12 bytes)
1780439128.240421 sending message 112 to peer 0x55a0a620e0b0 (12 bytes)
1780439128.240428 sending message 112 to peer 0x55a0a620e0b0 (12 bytes)
1780439128.240434 sending message 112 to peer 0x55a0a620e0b0 (12 bytes)
1780439128.240441 sending message 112 to peer 0x55a0a620e0b0 (11 bytes)
1780439128.240447 sending message 112 to peer 0x55a0a620e0b0 (12 bytes)
1780439128.240453 sending message 112 to peer 0x55a0a620e0b0 (12 bytes)
1780439128.240460 sending message 112 to peer 0x55a0a620e0b0 (13 bytes)
1780439128.240466 sending message 112 to peer 0x55a0a620e0b0 (13 bytes)
1780439128.240472 sending message 112 to peer 0x55a0a620e0b0 (13 bytes)
1780439128.240479 sending message 112 to peer 0x55a0a620e0b0 (13 bytes)
1780439128.240485 sending message 112 to peer 0x55a0a620e0b0 (13 bytes)
1780439128.240492 sending message 112 to peer 0x55a0a620e0b0 (10 bytes)
1780439128.240498 sending message 112 to peer 0x55a0a620e0b0 (9 bytes)
1780439128.240505 sending message 112 to peer 0x55a0a620e0b0 (12 bytes)
1780439128.240511 sending message 112 to peer 0x55a0a620e0b0 (13 bytes)
1780439128.240517 sending message 112 to peer 0x55a0a620e0b0 (13 bytes)
1780439128.240523 sending message 112 to peer 0x55a0a620e0b0 (13 bytes)
1780439128.240530 sending message 112 to peer 0x55a0a620e0b0 (13 bytes)
1780439128.240536 sending message 112 to peer 0x55a0a620e0b0 (13 bytes)
1780439128.240543 sending message 112 to peer 0x55a0a620e0b0 (9 bytes)
1780439128.240574 sending message 112 to peer 0x55a0a620e0b0 (12 bytes)
1780439128.240595 sending message 112 to peer 0x55a0a620e0b0 (13 bytes)
1780439128.240603 sending message 112 to peer 0x55a0a620e0b0 (13 bytes)
1780439128.240609 sending message 112 to peer 0x55a0a620e0b0 (13 bytes)
1780439128.240615 sending message 112 to peer 0x55a0a620e0b0 (13 bytes)
1780439128.240622 sending message 112 to peer 0x55a0a620e0b0 (13 bytes)
1780439128.240629 sending message 112 to peer 0x55a0a620e0b0 (11 bytes)
1780439128.240635 sending message 112 to peer 0x55a0a620e0b0 (12 bytes)
1780439128.240641 sending message 112 to peer 0x55a0a620e0b0 (13 bytes)
1780439128.240648 sending message 112 to peer 0x55a0a620e0b0 (13 bytes)
1780439128.240655 sending message 112 to peer 0x55a0a620e0b0 (13 bytes)
1780439128.240661 sending message 112 to peer 0x55a0a620e0b0 (13 bytes)
1780439128.240667 sending message 112 to peer 0x55a0a620e0b0 (13 bytes)
1780439128.240674 sending message 112 to peer 0x55a0a620e0b0 (11 bytes)
1780439128.240681 sending message 112 to peer 0x55a0a620e0b0 (12 bytes)
1780439128.240687 sending message 112 to peer 0x55a0a620e0b0 (12 bytes)
1780439128.240695 sending message 112 to peer 0x55a0a620e0b0 (12 bytes)
1780439128.240705 sending message 112 to peer 0x55a0a620e0b0 (12 bytes)
1780439128.240714 sending message 112 to peer 0x55a0a620e0b0 (12 bytes)
1780439128.240725 sending message 112 to peer 0x55a0a620e0b0 (21 bytes)
1780439128.240731 sending message 112 to peer 0x55a0a620e0b0 (12 bytes)
1780439128.240738 sending message 112 to peer 0x55a0a620e0b0 (9 bytes)
1780439128.240744 sending message 112 to peer 0x55a0a620e0b0 (6 bytes)
1780439128.240751 sending message 112 to peer 0x55a0a620e0b0 (13 bytes)
1780439128.240757 sending message 112 to peer 0x55a0a620e0b0 (10 bytes)
1780439128.240764 sending message 112 to peer 0x55a0a620e0b0 (24 bytes)
1780439128.240770 sending message 112 to peer 0x55a0a620e0b0 (13 bytes)
1780439128.240777 sending message 112 to peer 0x55a0a620e0b0 (9 bytes)
1780439128.240783 sending message 112 to peer 0x55a0a620e0b0 (70 bytes)
1780439128.240790 sending message 112 to peer 0x55a0a620e0b0 (69 bytes)
1780439128.240797 sending message 112 to peer 0x55a0a620e0b0 (12 bytes)
1780439128.240803 sending message 112 to peer 0x55a0a620e0b0 (10 bytes)
1780439128.240810 sending message 112 to peer 0x55a0a620e0b0 (10 bytes)
1780439128.240816 sending message 112 to peer 0x55a0a620e0b0 (24 bytes)
1780439128.240823 sending message 112 to peer 0x55a0a620e0b0 (13 bytes)
1780439128.240829 sending message 112 to peer 0x55a0a620e0b0 (10 bytes)
1780439128.240835 sending message 112 to peer 0x55a0a620e0b0 (10 bytes)
1780439128.240842 sending message 112 to peer 0x55a0a620e0b0 (10 bytes)
1780439128.240849 sending message 112 to peer 0x55a0a620e0b0 (13 bytes)
1780439128.240855 sending message 112 to peer 0x55a0a620e0b0 (15 bytes)
1780439128.240861 sending message 112 to peer 0x55a0a620e0b0 (5 bytes)
1780439128.240869 sending message 104 to peer 0x55a0a620e0b0 (0 bytes)
1780439128.240876 sending message 110 to peer 0x55a0a620e0b0 (0 bytes)
1780439128.240883 sending message 107 to peer 0x55a0a620e0b0 (4 bytes)
1780439128.240890 sending message 105 to peer 0x55a0a620e0b0 (16 bytes)
1780439128.240897 sending message 105 to peer 0x55a0a620e0b0 (112 bytes)
1780439128.240904 sending message 105 to peer 0x55a0a620e0b0 (19 bytes)
1780439128.240910 sending message 105 to peer 0x55a0a620e0b0 (20 bytes)
1780439128.240916 sending message 105 to peer 0x55a0a620e0b0 (47 bytes)
1780439128.240923 sending message 105 to peer 0x55a0a620e0b0 (58 bytes)
1780439128.240929 sending message 105 to peer 0x55a0a620e0b0 (44 bytes)
1780439128.240936 sending message 105 to peer 0x55a0a620e0b0 (18 bytes)
1780439128.240943 sending message 105 to peer 0x55a0a620e0b0 (41 bytes)
1780439128.240949 sending message 105 to peer 0x55a0a620e0b0 (23 bytes)
1780439128.240956 sending message 105 to peer 0x55a0a620e0b0 (38 bytes)
1780439128.240962 sending message 105 to peer 0x55a0a620e0b0 (25 bytes)
1780439128.240969 sending message 105 to peer 0x55a0a620e0b0 (28 bytes)
1780439128.240976 sending message 105 to peer 0x55a0a620e0b0 (15 bytes)
1780439128.240989 sending message 105 to peer 0x55a0a620e0b0 (26 bytes)
1780439128.240996 sending message 105 to peer 0x55a0a620e0b0 (16 bytes)
1780439128.241003 sending message 105 to peer 0x55a0a620e0b0 (29 bytes)
1780439128.241010 sending message 105 to peer 0x55a0a620e0b0 (27 bytes)
1780439128.241016 sending message 105 to peer 0x55a0a620e0b0 (21 bytes)
1780439128.241022 sending message 105 to peer 0x55a0a620e0b0 (52 bytes)
1780439128.241029 sending message 105 to peer 0x55a0a620e0b0 (37 bytes)
1780439128.241035 sending message 105 to peer 0x55a0a620e0b0 (51 bytes)
1780439128.241042 sending message 105 to peer 0x55a0a620e0b0 (15 bytes)
1780439128.241048 sending message 105 to peer 0x55a0a620e0b0 (19 bytes)
1780439128.241055 sending message 105 to peer 0x55a0a620e0b0 (17 bytes)
1780439128.241062 sending message 105 to peer 0x55a0a620e0b0 (1519 bytes)
1780439128.241077 sending message 105 to peer 0x55a0a620e0b0 (31 bytes)
1780439128.241084 sending message 105 to peer 0x55a0a620e0b0 (17 bytes)
1780439128.241090 sending message 105 to peer 0x55a0a620e0b0 (52 bytes)
1780439128.241097 sending message 105 to peer 0x55a0a620e0b0 (86 bytes)
1780439128.241104 sending message 105 to peer 0x55a0a620e0b0 (34 bytes)
1780439128.241110 sending message 105 to peer 0x55a0a620e0b0 (23 bytes)
1780439128.241117 sending message 105 to peer 0x55a0a620e0b0 (20 bytes)
1780439128.241123 sending message 105 to peer 0x55a0a620e0b0 (24 bytes)
1780439128.241129 sending message 105 to peer 0x55a0a620e0b0 (32 bytes)
1780439128.241136 sending message 105 to peer 0x55a0a620e0b0 (35 bytes)
1780439128.241142 sending message 105 to peer 0x55a0a620e0b0 (13 bytes)
1780439128.241148 sending message 105 to peer 0x55a0a620e0b0 (30 bytes)
1780439128.241155 sending message 105 to peer 0x55a0a620e0b0 (11 bytes)
1780439128.241161 sending message 105 to peer 0x55a0a620e0b0 (8 bytes)
1780439128.241168 sending message 105 to peer 0x55a0a620e0b0 (11 bytes)
1780439128.241174 sending message 105 to peer 0x55a0a620e0b0 (18 bytes)
1780439128.241180 sending message 105 to peer 0x55a0a620e0b0 (31 bytes)
1780439128.241187 sending message 105 to peer 0x55a0a620e0b0 (40 bytes)
1780439128.241193 sending message 105 to peer 0x55a0a620e0b0 (30 bytes)
1780439128.241200 sending message 105 to peer 0x55a0a620e0b0 (159 bytes)
1780439128.241206 sending message 105 to peer 0x55a0a620e0b0 (172 bytes)
1780439128.241213 sending message 105 to peer 0x55a0a620e0b0 (20 bytes)
1780439128.241220 sending message 105 to peer 0x55a0a620e0b0 (54 bytes)
1780439128.241226 sending message 105 to peer 0x55a0a620e0b0 (21 bytes)
1780439128.241232 sending message 105 to peer 0x55a0a620e0b0 (16 bytes)
1780439128.241238 sending message 106 to peer 0x55a0a620e0b0 (0 bytes)
1780439128.241261 sending message 200 to peer 0x55a0a620e0b0 (4 bytes)
1780439128.241268 client loop enter
1780439128.246841 peer 0x55a0a620e0b0 message 207
1780439128.246858 sending message 208 to peer 0x55a0a620e0b0 (0 bytes)
1780439133.270361 peer 0x55a0a620e0b0 message 201
1780439133.270413 sending message 205 to peer 0x55a0a620e0b0 (0 bytes)
1780439133.271076 peer 0x55a0a620e0b0 message 204
1780439133.271103 client loop exit
